<?xml version="1.0" encoding="UTF-8"?>
<!-- Generated by org.testng.reporters.JUnitReportReporter -->
<testsuite hostname="IBM-PF38DDJ1" failures="0" tests="1" name="tests.TestLogin" time="2.253" errors="0" timestamp="2023-04-20T10:25:51 IST" skipped="0">
  <testcase classname="tests.TestLogin" name="test_Home_Page_Appear_Correct" time="2.253"/>
  <system-out/>
</testsuite> <!-- tests.TestLogin -->
